[1120/001737.720:ERROR:directory_reader_win.cc(43)] FindFirstFile: The system cannot find the path specified. (0x3)
[1127/175533.975:ERROR:directory_reader_win.cc(43)] FindFirstFile: O sistema não pode encontrar o caminho especificado. (0x3)
[1128/001242.704:ERROR:process_reader_win.cc(151)] SuspendThread: Acesso negado. (0x5)
[1128/001242.708:ERROR:process_reader_win.cc(151)] SuspendThread: Acesso negado. (0x5)
[1128/001242.708:ERROR:process_reader_win.cc(151)] SuspendThread: Acesso negado. (0x5)
[1128/001242.708:ERROR:process_reader_win.cc(151)] SuspendThread: Acesso negado. (0x5)
[1128/001242.708:ERROR:process_reader_win.cc(151)] SuspendThread: Acesso negado. (0x5)
[1128/001242.708:ERROR:process_reader_win.cc(151)] SuspendThread: Acesso negado. (0x5)
[1128/001242.708:ERROR:process_reader_win.cc(151)] SuspendThread: Acesso negado. (0x5)
[1128/001242.708:ERROR:process_reader_win.cc(151)] SuspendThread: Acesso negado. (0x5)
[1128/001242.708:ERROR:process_reader_win.cc(151)] SuspendThread: Acesso negado. (0x5)
[1128/001242.708:ERROR:process_reader_win.cc(151)] SuspendThread: Acesso negado. (0x5)
[1128/001242.708:ERROR:process_reader_win.cc(151)] SuspendThread: Acesso negado. (0x5)
[1128/001242.708:ERROR:process_reader_win.cc(151)] SuspendThread: Acesso negado. (0x5)
[1128/001242.708:ERROR:process_reader_win.cc(151)] SuspendThread: Acesso negado. (0x5)
[1128/001242.708:ERROR:process_reader_win.cc(151)] SuspendThread: Acesso negado. (0x5)
[1128/001242.709:ERROR:process_reader_win.cc(123)] NtOpenThread: {Acesso Negado} Um processo solicitou acesso a um objeto, mas o direito de acesso não lhe foi concedido. (0xc0000022)
[1128/001242.712:ERROR:exception_snapshot_win.cc(99)] thread ID 5420 not found in process
[1128/001242.764:ERROR:process_reader_win.cc(151)] SuspendThread: Acesso negado. (0x5)
[1128/001242.764:ERROR:process_reader_win.cc(151)] SuspendThread: Acesso negado. (0x5)
[1128/001242.765:ERROR:process_reader_win.cc(123)] NtOpenThread: {Acesso Negado} Um processo solicitou acesso a um objeto, mas o direito de acesso não lhe foi concedido. (0xc0000022)
[1128/001242.765:ERROR:exception_snapshot_win.cc(99)] thread ID 9552 not found in process
[1128/001242.800:ERROR:process_reader_win.cc(151)] SuspendThread: Acesso negado. (0x5)
[1128/001242.800:ERROR:process_reader_win.cc(151)] SuspendThread: Acesso negado. (0x5)
[1128/001242.801:ERROR:process_reader_win.cc(151)] SuspendThread: Acesso negado. (0x5)
[1128/001242.801:ERROR:process_reader_win.cc(151)] SuspendThread: Acesso negado. (0x5)
[1128/001242.801:ERROR:process_reader_win.cc(151)] SuspendThread: Acesso negado. (0x5)
[1128/001242.801:ERROR:process_reader_win.cc(151)] SuspendThread: Acesso negado. (0x5)
[1128/001242.801:ERROR:process_reader_win.cc(151)] SuspendThread: Acesso negado. (0x5)
[1128/001242.801:ERROR:process_reader_win.cc(151)] SuspendThread: Acesso negado. (0x5)
[1128/001242.801:ERROR:process_reader_win.cc(151)] SuspendThread: Acesso negado. (0x5)
[1128/001242.801:ERROR:process_reader_win.cc(151)] SuspendThread: Acesso negado. (0x5)
[1128/001242.801:ERROR:process_reader_win.cc(151)] SuspendThread: Acesso negado. (0x5)
[1128/001242.801:ERROR:process_reader_win.cc(151)] SuspendThread: Acesso negado. (0x5)
[1128/001242.801:ERROR:process_reader_win.cc(151)] SuspendThread: Acesso negado. (0x5)
[1128/001242.801:ERROR:process_reader_win.cc(151)] SuspendThread: Acesso negado. (0x5)
[1128/001242.801:ERROR:process_reader_win.cc(123)] NtOpenThread: {Acesso Negado} Um processo solicitou acesso a um objeto, mas o direito de acesso não lhe foi concedido. (0xc0000022)
[1128/001242.801:ERROR:exception_snapshot_win.cc(99)] thread ID 6896 not found in process
[1128/001242.801:ERROR:process_reader_win.cc(151)] SuspendThread: Acesso negado. (0x5)
[1128/001242.801:ERROR:process_reader_win.cc(151)] SuspendThread: Acesso negado. (0x5)
[1128/001242.801:ERROR:process_reader_win.cc(151)] SuspendThread: Acesso negado. (0x5)
[1128/001242.801:ERROR:process_reader_win.cc(151)] SuspendThread: Acesso negado. (0x5)
[1128/001242.801:ERROR:process_reader_win.cc(151)] SuspendThread: Acesso negado. (0x5)
[1128/001242.802:ERROR:process_reader_win.cc(151)] SuspendThread: Acesso negado. (0x5)
[1128/001242.802:ERROR:process_reader_win.cc(151)] SuspendThread: Acesso negado. (0x5)
[1128/001242.802:ERROR:process_reader_win.cc(151)] SuspendThread: Acesso negado. (0x5)
[1128/001242.802:ERROR:process_reader_win.cc(151)] SuspendThread: Acesso negado. (0x5)
[1128/001242.802:ERROR:process_reader_win.cc(151)] SuspendThread: Acesso negado. (0x5)
[1128/001242.802:ERROR:process_reader_win.cc(151)] SuspendThread: Acesso negado. (0x5)
[1128/001242.802:ERROR:process_reader_win.cc(151)] SuspendThread: Acesso negado. (0x5)
[1128/001242.802:ERROR:process_reader_win.cc(151)] SuspendThread: Acesso negado. (0x5)
[1128/001242.802:ERROR:process_reader_win.cc(151)] SuspendThread: Acesso negado. (0x5)
[1128/001242.802:ERROR:process_reader_win.cc(123)] NtOpenThread: {Acesso Negado} Um processo solicitou acesso a um objeto, mas o direito de acesso não lhe foi concedido. (0xc0000022)
[1128/001242.802:ERROR:exception_snapshot_win.cc(99)] thread ID 11116 not found in process
[1128/001242.805:ERROR:process_reader_win.cc(151)] SuspendThread: Acesso negado. (0x5)
[1128/001242.805:ERROR:process_reader_win.cc(151)] SuspendThread: Acesso negado. (0x5)
[1128/001242.805:ERROR:process_reader_win.cc(151)] SuspendThread: Acesso negado. (0x5)
[1128/001242.805:ERROR:process_reader_win.cc(151)] SuspendThread: Acesso negado. (0x5)
[1128/001242.805:ERROR:process_reader_win.cc(151)] SuspendThread: Acesso negado. (0x5)
[1128/001242.805:ERROR:process_reader_win.cc(151)] SuspendThread: Acesso negado. (0x5)
[1128/001242.805:ERROR:process_reader_win.cc(151)] SuspendThread: Acesso negado. (0x5)
[1128/001242.805:ERROR:process_reader_win.cc(151)] SuspendThread: Acesso negado. (0x5)
[1128/001242.805:ERROR:process_reader_win.cc(151)] SuspendThread: Acesso negado. (0x5)
[1128/001242.805:ERROR:process_reader_win.cc(151)] SuspendThread: Acesso negado. (0x5)
[1128/001242.805:ERROR:process_reader_win.cc(151)] SuspendThread: Acesso negado. (0x5)
[1128/001242.805:ERROR:process_reader_win.cc(151)] SuspendThread: Acesso negado. (0x5)
[1128/001242.805:ERROR:process_reader_win.cc(151)] SuspendThread: Acesso negado. (0x5)
[1128/001242.805:ERROR:process_reader_win.cc(151)] SuspendThread: Acesso negado. (0x5)
[1128/001242.805:ERROR:process_reader_win.cc(151)] SuspendThread: Acesso negado. (0x5)
[1128/001242.805:ERROR:process_reader_win.cc(123)] NtOpenThread: {Acesso Negado} Um processo solicitou acesso a um objeto, mas o direito de acesso não lhe foi concedido. (0xc0000022)
[1128/001242.805:ERROR:exception_snapshot_win.cc(99)] thread ID 9340 not found in process
[1210/173835.487:ERROR:directory_reader_win.cc(43)] FindFirstFile: O sistema não pode encontrar o caminho especificado. (0x3)
